prgrm -> ( 29 ; ( 2 , 0 ) ) ;
lab1 -> ( 0 ; ( 2 , 1 ) ) ;
; -> ( 11 ; ( 9 , 0 ) ) ;
var -> ( 0 ; ( 9 , 1 ) ) ;
v1 -> ( 0 ; ( 7 , 0 ) ) ;
: -> ( 30 ; ( 8 , 0 ) ) ;
int -> ( 18 ; ( 1 , 0 ) ) ;
, -> ( 25 ; ( 4 , 0 ) ) ;
v2 -> ( 0 ; ( 8 , 0 ) ) ;
: -> ( 30 ; ( 18 , 0 ) ) ;
int -> ( 18 ; ( 11 , 0 ) ) ;
, -> ( 25 ; ( 4 , 0 ) ) ;
v3 -> ( 0 ; ( 9 , 1 ) ) ;
: -> ( 30 ; ( 18 , 0 ) ) ;
int -> ( 18 ; ( 11 , 0 ) ) ;
, -> ( 25 ; ( 4 , 0 ) ) ;
max -> ( 0 ; ( 6 , 0 ) ) ;
: -> ( 30 ; ( 18 , 0 ) ) ;
int -> ( 18 ; ( 11 , 0 ) ) ;
; -> ( 11 ; ( 19 , 0 ) ) ;
begin -> ( 6 ; ( 37 , 0 ) ) ;
read -> ( 21 ; ( 12 , 0 ) ) ;
v1 -> ( 0 ; ( 7 , 0 ) ) ;
; -> ( 11 ; ( 19 , 0 ) ) ;
read -> ( 21 ; ( 12 , 0 ) ) ;
v2 -> ( 0 ; ( 8 , 0 ) ) ;
; -> ( 11 ; ( 19 , 0 ) ) ;
read -> ( 21 ; ( 12 , 0 ) ) ;
v3 -> ( 0 ; ( 9 , 1 ) ) ;
; -> ( 11 ; ( 19 , 0 ) ) ;
max -> ( 0 ; ( 6 , 0 ) ) ;
= -> ( 10 ; ( 61 , 0 ) ) ;
v1 -> ( 0 ; ( 7 , 0 ) ) ;
; -> ( 11 ; ( 59 , 0 ) ) ;
if -> ( 24 ; ( 47 , 0 ) ) ;
max -> ( 0 ; ( 6 , 0 ) ) ;
< -> ( 5 ; ( 60 , 0 ) ) ;
v2 -> ( 0 ; ( 8 , 0 ) ) ;
then -> ( 0 ; ( 31 , 0 ) ) ;
max -> ( 0 ; ( 6 , 0 ) ) ;
= -> ( 10 ; ( 61 , 0 ) ) ;
v2 -> ( 0 ; ( 8 , 0 ) ) ;
; -> ( 11 ; ( 59 , 0 ) ) ;
if -> ( 24 ; ( 47 , 0 ) ) ;
max -> ( 0 ; ( 6 , 0 ) ) ;
< -> ( 5 ; ( 60 , 0 ) ) ;
v3 -> ( 0 ; ( 9 , 1 ) ) ;
then -> ( 0 ; ( 31 , 0 ) ) ;
max -> ( 0 ; ( 6 , 0 ) ) ;
= -> ( 10 ; ( 61 , 0 ) ) ;
v3 -> ( 0 ; ( 9 , 1 ) ) ;
; -> ( 11 ; ( 59 , 0 ) ) ;
write -> ( 22 ; ( 75 , 0 ) ) ;
max -> ( 0 ; ( 6 , 0 ) ) ;
; -> ( 11 ; ( 59 , 0 ) ) ;
end -> ( 27 ; ( 71 , 0 ) ) ;
. -> ( 28 ; ( 46 , 0 ) ) ;
