Symbol Table: 
0: {}
1: {}
2: {}
3: {}
4: {}
5: {}
6: {max, }
7: {v1, }
8: {v2, }
9: {var, v3, }
10: {}
11: {int, }
12: {read, }
13: {}
14: {}
15: {}
16: {}
17: {}
18: {}
19: {}
20: {}
21: {}
22: {}
23: {}
24: {}
25: {}
26: {}
27: {}
28: {}
29: {}
30: {}
31: {then, }
32: {lab1, }
33: {}
34: {}
35: {}
36: {}
37: {begin, }
38: {}
39: {}
40: {}
41: {}
42: {}
43: {}
44: {,, }
45: {}
46: {., }
47: {if, }
48: {}
49: {}
50: {}
51: {}
52: {}
53: {}
54: {}
55: {}
56: {}
57: {}
58: {:, }
59: {;, }
60: {<, }
61: {=, }
62: {}
63: {}
64: {}
65: {}
66: {}
67: {}
68: {}
69: {}
70: {}
71: {end, }
72: {prgrm, }
73: {}
74: {}
75: {write, }
76: {}
77: {}
78: {}
79: {}
