Token: int; Token Code: 19; Symbol Table Position: (First: 1, Second: 0);
Token: identifier; Token Code: 0; Symbol Table Position: (First: 7, Second: 0);
Token: ;; Token Code: 12; Symbol Table Position: (First: 9, Second: 0);
Token: int; Token Code: 19; Symbol Table Position: (First: 1, Second: 0);
Token: identifier; Token Code: 0; Symbol Table Position: (First: 8, Second: 0);
Token: ;; Token Code: 12; Symbol Table Position: (First: 9, Second: 0);
Token: int; Token Code: 19; Symbol Table Position: (First: 1, Second: 0);
Token: identifier; Token Code: 0; Symbol Table Position: (First: -1, Second: -1);
Token: ;; Token Code: 12; Symbol Table Position: (First: 19, Second: 0);
Token: read; Token Code: 23; Symbol Table Position: (First: 12, Second: 0);
Token: identifier; Token Code: 0; Symbol Table Position: (First: 17, Second: 0);
Token: ;; Token Code: 12; Symbol Table Position: (First: 19, Second: 0);
Token: read; Token Code: 23; Symbol Table Position: (First: 12, Second: 0);
Token: identifier; Token Code: 0; Symbol Table Position: (First: 18, Second: 0);
Token: ;; Token Code: 12; Symbol Table Position: (First: 19, Second: 0);
Token: read; Token Code: 23; Symbol Table Position: (First: 12, Second: 0);
Token: identifier; Token Code: 0; Symbol Table Position: (First: 19, Second: 0);
Token: ;; Token Code: 12; Symbol Table Position: (First: 19, Second: 1);
Token: int; Token Code: 19; Symbol Table Position: (First: 11, Second: 0);
Token: identifier; Token Code: 0; Symbol Table Position: (First: 20, Second: 0);
Token: :=; Token Code: 11; Symbol Table Position: (First: 39, Second: 0);
Token: identifier; Token Code: 0; Symbol Table Position: (First: 17, Second: 0);
Token: ;; Token Code: 12; Symbol Table Position: (First: 19, Second: 1);
Token: int; Token Code: 19; Symbol Table Position: (First: 11, Second: 0);
Token: identifier; Token Code: 0; Symbol Table Position: (First: 18, Second: 1);
Token: :=; Token Code: 11; Symbol Table Position: (First: 39, Second: 0);
Token: identifier; Token Code: 0; Symbol Table Position: (First: 17, Second: 0);
Token: ;; Token Code: 12; Symbol Table Position: (First: 19, Second: 1);
Token: if; Token Code: 26; Symbol Table Position: (First: 7, Second: 0);
Token: (; Token Code: 15; Symbol Table Position: (First: 0, Second: 0);
Token: identifier; Token Code: 0; Symbol Table Position: (First: 32, Second: 0);
Token: <; Token Code: 6; Symbol Table Position: (First: 60, Second: 1);
Token: identifier; Token Code: 0; Symbol Table Position: (First: 60, Second: 0);
Token: ); Token Code: 16; Symbol Table Position: (First: 41, Second: 0);
Token: [; Token Code: 14; Symbol Table Position: (First: 11, Second: 1);
Token: identifier; Token Code: 0; Symbol Table Position: (First: 60, Second: 0);
Token: :=; Token Code: 11; Symbol Table Position: (First: 39, Second: 0);
Token: identifier; Token Code: 0; Symbol Table Position: (First: 18, Second: 0);
Token: ;; Token Code: 12; Symbol Table Position: (First: 59, Second: 0);
Token: ]; Token Code: 13; Symbol Table Position: (First: 13, Second: 0);
Token: if; Token Code: 26; Symbol Table Position: (First: 47, Second: 0);
Token: (; Token Code: 15; Symbol Table Position: (First: 40, Second: 0);
Token: identifier; Token Code: 0; Symbol Table Position: (First: 19, Second: 0);
Token: constant; Token Code: 27; Symbol Table Position: (First: 62, Second: 0);
Token: identifier; Token Code: 0; Symbol Table Position: (First: 60, Second: 0);
Token: ); Token Code: 16; Symbol Table Position: (First: 41, Second: 0);
Token: [; Token Code: 14; Symbol Table Position: (First: 11, Second: 1);
Token: identifier; Token Code: 0; Symbol Table Position: (First: 60, Second: 0);
Token: :=; Token Code: 11; Symbol Table Position: (First: 39, Second: 0);
Token: identifier; Token Code: 0; Symbol Table Position: (First: 19, Second: 0);
Token: ;; Token Code: 12; Symbol Table Position: (First: 59, Second: 0);
Token: ]; Token Code: 13; Symbol Table Position: (First: 13, Second: 0);
Token: if; Token Code: 26; Symbol Table Position: (First: 47, Second: 0);
Token: (; Token Code: 15; Symbol Table Position: (First: 40, Second: 0);
Token: identifier; Token Code: 0; Symbol Table Position: (First: 18, Second: 0);
Token: <; Token Code: 6; Symbol Table Position: (First: 60, Second: 1);
Token: identifier; Token Code: 0; Symbol Table Position: (First: 58, Second: 0);
Token: ); Token Code: 16; Symbol Table Position: (First: 41, Second: 0);
Token: [; Token Code: 14; Symbol Table Position: (First: 11, Second: 1);
Token: identifier; Token Code: 0; Symbol Table Position: (First: 58, Second: 0);
Token: :=; Token Code: 11; Symbol Table Position: (First: 119, Second: 0);
Token: identifier; Token Code: 0; Symbol Table Position: (First: 98, Second: 0);
Token: ;; Token Code: 12; Symbol Table Position: (First: 59, Second: 0);
Token: ]; Token Code: 13; Symbol Table Position: (First: 93, Second: 0);
Token: if; Token Code: 26; Symbol Table Position: (First: 47, Second: 0);
Token: (; Token Code: 15; Symbol Table Position: (First: 40, Second: 0);
Token: identifier; Token Code: 0; Symbol Table Position: (First: 99, Second: 0);
Token: <; Token Code: 6; Symbol Table Position: (First: 60, Second: 1);
Token: identifier; Token Code: 0; Symbol Table Position: (First: 58, Second: 0);
Token: ); Token Code: 16; Symbol Table Position: (First: 41, Second: 0);
Token: [; Token Code: 14; Symbol Table Position: (First: 91, Second: 0);
Token: identifier; Token Code: 0; Symbol Table Position: (First: 58, Second: 0);
Token: :=; Token Code: 11; Symbol Table Position: (First: 119, Second: 0);
Token: identifier; Token Code: 0; Symbol Table Position: (First: 99, Second: 0);
Token: ;; Token Code: 12; Symbol Table Position: (First: 59, Second: 0);
Token: ]; Token Code: 13; Symbol Table Position: (First: 93, Second: 0);
Token: write; Token Code: 24; Symbol Table Position: (First: 75, Second: 0);
Token: (; Token Code: 15; Symbol Table Position: (First: 40, Second: 0);
Token: constant; Token Code: 27; Symbol Table Position: (First: 76, Second: 0);
Token: ); Token Code: 16; Symbol Table Position: (First: 41, Second: 0);
Token: ;; Token Code: 12; Symbol Table Position: (First: 59, Second: 0);
Token: write; Token Code: 24; Symbol Table Position: (First: 75, Second: 0);
Token: (; Token Code: 15; Symbol Table Position: (First: 40, Second: 0);
Token: identifier; Token Code: 0; Symbol Table Position: (First: 60, Second: 0);
Token: ); Token Code: 16; Symbol Table Position: (First: 41, Second: 0);
Token: ;; Token Code: 12; Symbol Table Position: (First: 59, Second: 0);
Token: write; Token Code: 24; Symbol Table Position: (First: 75, Second: 0);
Token: (; Token Code: 15; Symbol Table Position: (First: 40, Second: 0);
Token: constant; Token Code: 27; Symbol Table Position: (First: 116, Second: 0);
Token: ); Token Code: 16; Symbol Table Position: (First: 41, Second: 0);
Token: ;; Token Code: 12; Symbol Table Position: (First: 59, Second: 0);
Token: write; Token Code: 24; Symbol Table Position: (First: 75, Second: 0);
Token: (; Token Code: 15; Symbol Table Position: (First: 40, Second: 0);
Token: identifier; Token Code: 0; Symbol Table Position: (First: 58, Second: 0);
Token: ); Token Code: 16; Symbol Table Position: (First: 41, Second: 0);
Token: ;; Token Code: 12; Symbol Table Position: (First: 59, Second: 0);
