Token: int; Token Code: 19; Symbol Table Position: (First: 1, Second: 0);
Token: identifier; Token Code: 0; Symbol Table Position: (First: 7, Second: 0);
Token: ;; Token Code: 12; Symbol Table Position: (First: 9, Second: 0);
Token: int; Token Code: 19; Symbol Table Position: (First: 1, Second: 0);
Token: identifier; Token Code: 0; Symbol Table Position: (First: 8, Second: 0);
Token: ;; Token Code: 12; Symbol Table Position: (First: 9, Second: 0);
Token: read; Token Code: 23; Symbol Table Position: (First: 2, Second: 0);
Token: identifier; Token Code: 0; Symbol Table Position: (First: 17, Second: 0);
Token: ;; Token Code: 12; Symbol Table Position: (First: 19, Second: 0);
Token: read; Token Code: 23; Symbol Table Position: (First: 12, Second: 0);
Token: identifier; Token Code: 0; Symbol Table Position: (First: 18, Second: 0);
Token: ;; Token Code: 12; Symbol Table Position: (First: 19, Second: 0);
Token: int; Token Code: 19; Symbol Table Position: (First: 11, Second: 0);
Token: identifier; Token Code: 0; Symbol Table Position: (First: 14, Second: 0);
Token: ;; Token Code: 12; Symbol Table Position: (First: 19, Second: 0);
Token: while; Token Code: 21; Symbol Table Position: (First: 17, Second: 2);
Token: (; Token Code: 15; Symbol Table Position: (First: 0, Second: 0);
Token: identifier; Token Code: 0; Symbol Table Position: (First: 18, Second: 0);
Token: constant; Token Code: 27; Symbol Table Position: (First: 21, Second: 0);
Token: constant; Token Code: 27; Symbol Table Position: (First: 8, Second: 0);
Token: ); Token Code: 16; Symbol Table Position: (First: 1, Second: 0);
Token: [; Token Code: 14; Symbol Table Position: (First: 11, Second: 1);
Token: identifier; Token Code: 0; Symbol Table Position: (First: 34, Second: 0);
Token: :=; Token Code: 11; Symbol Table Position: (First: 39, Second: 0);
Token: identifier; Token Code: 0; Symbol Table Position: (First: 17, Second: 0);
Token: %; Token Code: 5; Symbol Table Position: (First: 37, Second: 0);
Token: identifier; Token Code: 0; Symbol Table Position: (First: 18, Second: 0);
Token: ;; Token Code: 12; Symbol Table Position: (First: 19, Second: 0);
Token: identifier; Token Code: 0; Symbol Table Position: (First: 17, Second: 0);
Token: :=; Token Code: 11; Symbol Table Position: (First: 39, Second: 0);
Token: identifier; Token Code: 0; Symbol Table Position: (First: 18, Second: 0);
Token: ;; Token Code: 12; Symbol Table Position: (First: 59, Second: 0);
Token: identifier; Token Code: 0; Symbol Table Position: (First: 18, Second: 0);
Token: :=; Token Code: 11; Symbol Table Position: (First: 39, Second: 0);
Token: identifier; Token Code: 0; Symbol Table Position: (First: 34, Second: 0);
Token: ;; Token Code: 12; Symbol Table Position: (First: 59, Second: 0);
Token: ]; Token Code: 13; Symbol Table Position: (First: 13, Second: 0);
Token: write; Token Code: 24; Symbol Table Position: (First: 75, Second: 0);
Token: (; Token Code: 15; Symbol Table Position: (First: 40, Second: 0);
Token: constant; Token Code: 27; Symbol Table Position: (First: 49, Second: 0);
Token: ); Token Code: 16; Symbol Table Position: (First: 41, Second: 0);
Token: ;; Token Code: 12; Symbol Table Position: (First: 59, Second: 0);
Token: write; Token Code: 24; Symbol Table Position: (First: 75, Second: 0);
Token: (; Token Code: 15; Symbol Table Position: (First: 40, Second: 0);
Token: identifier; Token Code: 0; Symbol Table Position: (First: 34, Second: 0);
Token: ); Token Code: 16; Symbol Table Position: (First: 41, Second: 0);
Token: ;; Token Code: 12; Symbol Table Position: (First: 59, Second: 0);
