Token: int; Token Code: 19; Symbol Table Position: (First: 1, Second: 0);
Token: identifier; Token Code: 0; Symbol Table Position: (First: 6, Second: 0);
Token: ;; Token Code: 12; Symbol Table Position: (First: 9, Second: 0);
Token: int; Token Code: 19; Symbol Table Position: (First: 1, Second: 0);
Token: identifier; Token Code: 0; Symbol Table Position: (First: 8, Second: 0);
Token: ;; Token Code: 12; Symbol Table Position: (First: 9, Second: 0);
Token: int; Token Code: 19; Symbol Table Position: (First: 1, Second: 0);
Token: identifier; Token Code: 0; Symbol Table Position: (First: -1, Second: -1);
Token: ;; Token Code: 12; Symbol Table Position: (First: 19, Second: 0);
Token: read; Token Code: 23; Symbol Table Position: (First: 12, Second: 0);
Token: identifier; Token Code: 0; Symbol Table Position: (First: 17, Second: 0);
Token: ;; Token Code: 12; Symbol Table Position: (First: 19, Second: 0);
Token: read; Token Code: 23; Symbol Table Position: (First: 12, Second: 0);
Token: identifier; Token Code: 0; Symbol Table Position: (First: 18, Second: 0);
Token: ;; Token Code: 12; Symbol Table Position: (First: 19, Second: 0);
Token: read; Token Code: 23; Symbol Table Position: (First: 12, Second: 0);
Token: identifier; Token Code: 0; Symbol Table Position: (First: 19, Second: 0);
Token: ;; Token Code: 12; Symbol Table Position: (First: 19, Second: 1);
Token: int; Token Code: 19; Symbol Table Position: (First: 11, Second: 0);
Token: identifier; Token Code: 0; Symbol Table Position: (First: 20, Second: 0);
Token: :=; Token Code: 11; Symbol Table Position: (First: 39, Second: 0);
Token: identifier; Token Code: 0; Symbol Table Position: (First: 17, Second: 0);
Token: ;; Token Code: 12; Symbol Table Position: (First: 19, Second: 1);
Token: int; Token Code: 19; Symbol Table Position: (First: 11, Second: 0);
Token: identifier; Token Code: 0; Symbol Table Position: (First: 18, Second: 1);
Token: :=; Token Code: 11; Symbol Table Position: (First: 39, Second: 0);
Token: identifier; Token Code: 0; Symbol Table Position: (First: 17, Second: 0);
Token: ;; Token Code: 12; Symbol Table Position: (First: 19, Second: 1);
Token: if; Token Code: 26; Symbol Table Position: (First: 7, Second: 0);
Token: (; Token Code: 15; Symbol Table Position: (First: 0, Second: 0);
